C:\USERS\PETR\DOCUMENTS\VISUAL STUDIO 2012\PROJECTS\GPU_SEM_RAYTRACER\RELEASE\OLD.OBJ
C:\USERS\PETR\DOCUMENTS\VISUAL STUDIO 2012\PROJECTS\GPU_SEM_RAYTRACER\RELEASE\VC110.PDB
C:\USERS\PETR\DOCUMENTS\VISUAL STUDIO 2012\PROJECTS\GPU_SEM_RAYTRACER\RELEASE\GPU_SEM_RAYTRACER.EXE
C:\USERS\PETR\DOCUMENTS\VISUAL STUDIO 2012\PROJECTS\GPU_SEM_RAYTRACER\RELEASE\GPU_SEM_RAYTRACER.PDB
C:\Users\Petr\Documents\Visual Studio 2012\Projects\GPU_sem_raytracer\Release\Source.cu.cache
C:\Users\Petr\Documents\Visual Studio 2012\Projects\GPU_sem_raytracer\Release\Old.obj
C:\Users\Petr\Documents\Visual Studio 2012\Projects\GPU_sem_raytracer\Release\Source.cu.obj
C:\Users\Petr\Documents\Visual Studio 2012\Projects\GPU_sem_raytracer\Release\cl.command.1.tlog
C:\Users\Petr\Documents\Visual Studio 2012\Projects\GPU_sem_raytracer\Release\CL.read.1.tlog
C:\Users\Petr\Documents\Visual Studio 2012\Projects\GPU_sem_raytracer\Release\CL.write.1.tlog
C:\Users\Petr\Documents\Visual Studio 2012\Projects\GPU_sem_raytracer\Release\link-cvtres.read.1.tlog
C:\Users\Petr\Documents\Visual Studio 2012\Projects\GPU_sem_raytracer\Release\link-cvtres.write.1.tlog
C:\Users\Petr\Documents\Visual Studio 2012\Projects\GPU_sem_raytracer\Release\link-rc.read.1.tlog
C:\Users\Petr\Documents\Visual Studio 2012\Projects\GPU_sem_raytracer\Release\link-rc.write.1.tlog
C:\Users\Petr\Documents\Visual Studio 2012\Projects\GPU_sem_raytracer\Release\link.command.1.tlog
C:\Users\Petr\Documents\Visual Studio 2012\Projects\GPU_sem_raytracer\Release\link.read.1.tlog
C:\Users\Petr\Documents\Visual Studio 2012\Projects\GPU_sem_raytracer\Release\link.write.1.tlog
C:\Users\Petr\Documents\Visual Studio 2012\Projects\GPU_sem_raytracer\Release\GPU_sem_raytracer.pdb
C:\Users\Petr\Documents\Visual Studio 2012\Projects\GPU_sem_raytracer\Release\vc110.pdb
C:\Users\Petr\Documents\Visual Studio 2012\Projects\GPU_sem_raytracer\Release\GPU_sem_raytracer.exe
