Build started 7.1.2016 10:38:18.
     1>Project "C:\Users\Petr\Documents\Visual Studio 2012\Projects\GPU_sem_raytracer\GPU_sem_raytracer.vcxproj" on node 2 (Build target(s)).
     1>AddCudaCompileDeps:
         C:\Program Files (x86)\Microsoft Visual Studio 11.0\VC\bin\cl.exe /E /nologo /showIncludes /TP /D__CUDACC__ /DWIN32 /DNDEBUG /D_CONSOLE /D_MBCS /I. /Ipthreads\include /I"C:\Program Files\NVIDIA GPU Computing Toolkit\CUDA\v7.5\include" /I"C:\Program Files\NVIDIA GPU Computing Toolkit\CUDA\v7.5\include" /I.\ /I"C:\Program Files\NVIDIA GPU Computing Toolkit\CUDA\v7.5\bin" /I"C:\Program Files\NVIDIA GPU Computing Toolkit\CUDA\v7.5\include" /I. /FIcuda_runtime.h /c "C:\Users\Petr\Documents\Visual Studio 2012\Projects\GPU_sem_raytracer\Source.cu" 
       CudaBuild:
         Compiling CUDA source file Source.cu...
         cmd.exe /C "C:\Users\Petr\AppData\Local\Temp\tmpd03d06c6d4894ac1832a3427c81502ed.cmd"
         "C:\Program Files\NVIDIA GPU Computing Toolkit\CUDA\v7.5\bin\nvcc.exe" -gencode=arch=compute_20,code=\"sm_20,compute_20\" --use-local-env --cl-version 2012 -ccbin "C:\Program Files (x86)\Microsoft Visual Studio 11.0\VC\bin"  -I. -Ipthreads\include -I"C:\Program Files\NVIDIA GPU Computing Toolkit\CUDA\v7.5\include" -I"C:\Program Files\NVIDIA GPU Computing Toolkit\CUDA\v7.5\include" -I.\ -I"C:\Program Files\NVIDIA GPU Computing Toolkit\CUDA\v7.5\include"     --keep-dir Release -maxrregcount=0  --machine 32 --compile -cudart static     -DWIN32 -DNDEBUG -D_CONSOLE -D_MBCS -Xcompiler "/EHsc /W3 /nologo /O2 /Zi  /MD " -o Release\Source.cu.obj "C:\Users\Petr\Documents\Visual Studio 2012\Projects\GPU_sem_raytracer\Source.cu"
         
         C:\Users\Petr\Documents\Visual Studio 2012\Projects\GPU_sem_raytracer>"C:\Program Files\NVIDIA GPU Computing Toolkit\CUDA\v7.5\bin\nvcc.exe" -gencode=arch=compute_20,code=\"sm_20,compute_20\" --use-local-env --cl-version 2012 -ccbin "C:\Program Files (x86)\Microsoft Visual Studio 11.0\VC\bin"  -I. -Ipthreads\include -I"C:\Program Files\NVIDIA GPU Computing Toolkit\CUDA\v7.5\include" -I"C:\Program Files\NVIDIA GPU Computing Toolkit\CUDA\v7.5\include" -I.\ -I"C:\Program Files\NVIDIA GPU Computing Toolkit\CUDA\v7.5\include"     --keep-dir Release -maxrregcount=0  --machine 32 --compile -cudart static     -DWIN32 -DNDEBUG -D_CONSOLE -D_MBCS -Xcompiler "/EHsc /W3 /nologo /O2 /Zi  /MD " -o Release\Source.cu.obj "C:\Users\Petr\Documents\Visual Studio 2012\Projects\GPU_sem_raytracer\Source.cu" 
     1>c:\users\petr\documents\visual studio 2012\projects\gpu_sem_raytracer\Col.h(109): warning : "Col::Col(Col &)", required for copy that was eliminated, is not callable because reference parameter cannot be bound to rvalue
     1>c:\users\petr\documents\visual studio 2012\projects\gpu_sem_raytracer\Triangle.h(59): warning : "Vec3::Vec3(Vec3 &)", required for copy that was eliminated, is not callable because reference parameter cannot be bound to rvalue
     1>c:\users\petr\documents\visual studio 2012\projects\gpu_sem_raytracer\Triangle.h(61): warning : "Vec3::Vec3(Vec3 &)", required for copy that was eliminated, is not callable because reference parameter cannot be bound to rvalue
     1>c:\users\petr\documents\visual studio 2012\projects\gpu_sem_raytracer\Triangle.h(64): warning : "Vec3::Vec3(Vec3 &)", required for copy that was eliminated, is not callable because reference parameter cannot be bound to rvalue
     1>c:\users\petr\documents\visual studio 2012\projects\gpu_sem_raytracer\Triangle.h(67): warning : "Vec3::Vec3(Vec3 &)", required for copy that was eliminated, is not callable because reference parameter cannot be bound to rvalue
     1>c:\users\petr\documents\visual studio 2012\projects\gpu_sem_raytracer\Triangle.h(85): warning : "Vec3::Vec3(Vec3 &)", required for copy that was eliminated, is not callable because reference parameter cannot be bound to rvalue
     1>c:\users\petr\documents\visual studio 2012\projects\gpu_sem_raytracer\Triangle.h(110): warning : "Vec3::Vec3(Vec3 &)", required for copy that was eliminated, is not callable because reference parameter cannot be bound to rvalue
     1>c:\users\petr\documents\visual studio 2012\projects\gpu_sem_raytracer\Triangle.h(112): warning : "Vec3::Vec3(Vec3 &)", required for copy that was eliminated, is not callable because reference parameter cannot be bound to rvalue
     1>c:\users\petr\documents\visual studio 2012\projects\gpu_sem_raytracer\Triangle.h(115): warning : "Vec3::Vec3(Vec3 &)", required for copy that was eliminated, is not callable because reference parameter cannot be bound to rvalue
     1>c:\users\petr\documents\visual studio 2012\projects\gpu_sem_raytracer\RayBuffer.h(77): warning : delete of pointer to incomplete class
     1>c:\users\petr\documents\visual studio 2012\projects\gpu_sem_raytracer\KDTree.h(258): warning : statement is unreachable
     1>c:\users\petr\documents\visual studio 2012\projects\gpu_sem_raytracer\KDTree.h(298): warning : statement is unreachable
     1>c:\users\petr\documents\visual studio 2012\projects\gpu_sem_raytracer\KDTree.h(340): warning : statement is unreachable
     1>c:\users\petr\documents\visual studio 2012\projects\gpu_sem_raytracer\KDTree.h(520): warning : "Vec3::Vec3(Vec3 &)", required for copy that was eliminated, is not callable because reference parameter cannot be bound to rvalue
     1>c:\users\petr\documents\visual studio 2012\projects\gpu_sem_raytracer\KDTree.h(603): warning : "Vec3::Vec3(Vec3 &)", required for copy that was eliminated, is not callable because reference parameter cannot be bound to rvalue
     1>c:\users\petr\documents\visual studio 2012\projects\gpu_sem_raytracer\KDTree.h(815): warning : variable "test" was declared but never referenced
     1>c:\users\petr\documents\visual studio 2012\projects\gpu_sem_raytracer\RayTask.h(251): warning : initial value of reference to non-const must be an lvalue
     1>c:\users\petr\documents\visual studio 2012\projects\gpu_sem_raytracer\RayTask.h(219): warning : variable "tempL" was declared but never referenced
     1>c:\users\petr\documents\visual studio 2012\projects\gpu_sem_raytracer\RayTask.h(276): warning : "Col::Col(Col &)", required for copy that was eliminated, is not callable because reference parameter cannot be bound to rvalue
     1>c:\users\petr\documents\visual studio 2012\projects\gpu_sem_raytracer\RayTask.h(294): warning : "Vec3::Vec3(Vec3 &)", required for copy that was eliminated, is not callable because reference parameter cannot be bound to rvalue
     1>c:\users\petr\documents\visual studio 2012\projects\gpu_sem_raytracer\RayTask.h(295): warning : "Vec3::Vec3(Vec3 &)", required for copy that was eliminated, is not callable because reference parameter cannot be bound to rvalue
     1>c:\users\petr\documents\visual studio 2012\projects\gpu_sem_raytracer\RayTask.h(296): warning : "Vec3::Vec3(Vec3 &)", required for copy that was eliminated, is not callable because reference parameter cannot be bound to rvalue
     1>c:\users\petr\documents\visual studio 2012\projects\gpu_sem_raytracer\RayTask.h(297): warning : "Vec3::Vec3(Vec3 &)", required for copy that was eliminated, is not callable because reference parameter cannot be bound to rvalue
     1>c:\users\petr\documents\visual studio 2012\projects\gpu_sem_raytracer\RayTask.h(298): warning : "Vec3::Vec3(Vec3 &)", required for copy that was eliminated, is not callable because reference parameter cannot be bound to rvalue
     1>c:\users\petr\documents\visual studio 2012\projects\gpu_sem_raytracer\RayTask.h(299): warning : "Col::Col(Col &)", required for copy that was eliminated, is not callable because reference parameter cannot be bound to rvalue
     1>c:\users\petr\documents\visual studio 2012\projects\gpu_sem_raytracer\RayTask.h(300): warning : "Col::Col(Col &)", required for copy that was eliminated, is not callable because reference parameter cannot be bound to rvalue
     1>c:\users\petr\documents\visual studio 2012\projects\gpu_sem_raytracer\RayTask.h(301): warning : "Col::Col(Col &)", required for copy that was eliminated, is not callable because reference parameter cannot be bound to rvalue
     1>c:\users\petr\documents\visual studio 2012\projects\gpu_sem_raytracer\RayTask.h(338): warning : "Col::Col(Col &)", required for copy that was eliminated, is not callable because reference parameter cannot be bound to rvalue
     1>c:\users\petr\documents\visual studio 2012\projects\gpu_sem_raytracer\RayTask.h(344): warning : "Vec3::Vec3(Vec3 &)", required for copy that was eliminated, is not callable because reference parameter cannot be bound to rvalue
     1>c:\users\petr\documents\visual studio 2012\projects\gpu_sem_raytracer\RayTask.h(364): warning : "Vec3::Vec3(Vec3 &)", required for copy that was eliminated, is not callable because reference parameter cannot be bound to rvalue
     1>c:\users\petr\documents\visual studio 2012\projects\gpu_sem_raytracer\RayTask.h(374): warning : "Col::Col(Col &)", required for copy that was eliminated, is not callable because reference parameter cannot be bound to rvalue
     1>c:\users\petr\documents\visual studio 2012\projects\gpu_sem_raytracer\RayTask.h(398): warning : "Col::Col(Col &)", required for copy that was eliminated, is not callable because reference parameter cannot be bound to rvalue
     1>c:\users\petr\documents\visual studio 2012\projects\gpu_sem_raytracer\RayTask.h(519): warning : initial value of reference to non-const must be an lvalue
     1>c:\users\petr\documents\visual studio 2012\projects\gpu_sem_raytracer\RayTask.h(487): warning : variable "tempL" was declared but never referenced
     1>c:\users\petr\documents\visual studio 2012\projects\gpu_sem_raytracer\RayTask.h(545): warning : "Col::Col(Col &)", required for copy that was eliminated, is not callable because reference parameter cannot be bound to rvalue
     1>c:\users\petr\documents\visual studio 2012\projects\gpu_sem_raytracer\RayTask.h(563): warning : "Vec3::Vec3(Vec3 &)", required for copy that was eliminated, is not callable because reference parameter cannot be bound to rvalue
     1>c:\users\petr\documents\visual studio 2012\projects\gpu_sem_raytracer\RayTask.h(564): warning : "Vec3::Vec3(Vec3 &)", required for copy that was eliminated, is not callable because reference parameter cannot be bound to rvalue
     1>c:\users\petr\documents\visual studio 2012\projects\gpu_sem_raytracer\RayTask.h(565): warning : "Vec3::Vec3(Vec3 &)", required for copy that was eliminated, is not callable because reference parameter cannot be bound to rvalue
     1>c:\users\petr\documents\visual studio 2012\projects\gpu_sem_raytracer\RayTask.h(566): warning : "Vec3::Vec3(Vec3 &)", required for copy that was eliminated, is not callable because reference parameter cannot be bound to rvalue
     1>c:\users\petr\documents\visual studio 2012\projects\gpu_sem_raytracer\RayTask.h(567): warning : "Vec3::Vec3(Vec3 &)", required for copy that was eliminated, is not callable because reference parameter cannot be bound to rvalue
     1>c:\users\petr\documents\visual studio 2012\projects\gpu_sem_raytracer\RayTask.h(568): warning : "Col::Col(Col &)", required for copy that was eliminated, is not callable because reference parameter cannot be bound to rvalue
     1>c:\users\petr\documents\visual studio 2012\projects\gpu_sem_raytracer\RayTask.h(569): warning : "Col::Col(Col &)", required for copy that was eliminated, is not callable because reference parameter cannot be bound to rvalue
     1>c:\users\petr\documents\visual studio 2012\projects\gpu_sem_raytracer\RayTask.h(570): warning : "Col::Col(Col &)", required for copy that was eliminated, is not callable because reference parameter cannot be bound to rvalue
     1>c:\users\petr\documents\visual studio 2012\projects\gpu_sem_raytracer\RayTask.h(607): warning : "Col::Col(Col &)", required for copy that was eliminated, is not callable because reference parameter cannot be bound to rvalue
     1>c:\users\petr\documents\visual studio 2012\projects\gpu_sem_raytracer\RayTask.h(613): warning : "Vec3::Vec3(Vec3 &)", required for copy that was eliminated, is not callable because reference parameter cannot be bound to rvalue
     1>c:\users\petr\documents\visual studio 2012\projects\gpu_sem_raytracer\RayTask.h(633): warning : "Vec3::Vec3(Vec3 &)", required for copy that was eliminated, is not callable because reference parameter cannot be bound to rvalue
     1>c:\users\petr\documents\visual studio 2012\projects\gpu_sem_raytracer\RayTask.h(643): warning : "Col::Col(Col &)", required for copy that was eliminated, is not callable because reference parameter cannot be bound to rvalue
     1>c:\users\petr\documents\visual studio 2012\projects\gpu_sem_raytracer\RayTask.h(665): warning : "Col::Col(Col &)", required for copy that was eliminated, is not callable because reference parameter cannot be bound to rvalue
     1>c:\users\petr\documents\visual studio 2012\projects\gpu_sem_raytracer\RayTask.h(698): warning : "Vec3::Vec3(Vec3 &)", required for copy that was eliminated, is not callable because reference parameter cannot be bound to rvalue
     1>c:\users\petr\documents\visual studio 2012\projects\gpu_sem_raytracer\RayTask.h(721): warning : "Vec3::Vec3(Vec3 &)", required for copy that was eliminated, is not callable because reference parameter cannot be bound to rvalue
     1>c:\users\petr\documents\visual studio 2012\projects\gpu_sem_raytracer\RayTask.h(727): warning : "Vec3::Vec3(Vec3 &)", required for copy that was eliminated, is not callable because reference parameter cannot be bound to rvalue
     1>c:\users\petr\documents\visual studio 2012\projects\gpu_sem_raytracer\RayTask.h(768): warning : "Vec3::Vec3(Vec3 &)", required for copy that was eliminated, is not callable because reference parameter cannot be bound to rvalue
     1>c:\users\petr\documents\visual studio 2012\projects\gpu_sem_raytracer\RayTask.h(736): warning : variable "finalV" was set but never used
     1>c:\users\petr\documents\visual studio 2012\projects\gpu_sem_raytracer\RayTask.h(787): warning : statement is unreachable
     1>c:\users\petr\documents\visual studio 2012\projects\gpu_sem_raytracer\RayTask.h(852): warning : "Vec3::Vec3(Vec3 &)", required for copy that was eliminated, is not callable because reference parameter cannot be bound to rvalue
     1>c:\users\petr\documents\visual studio 2012\projects\gpu_sem_raytracer\RayTask.h(853): warning : "Vec3::Vec3(Vec3 &)", required for copy that was eliminated, is not callable because reference parameter cannot be bound to rvalue
     1>c:\users\petr\documents\visual studio 2012\projects\gpu_sem_raytracer\Camera.h(99): warning : "Vec3::Vec3(Vec3 &)", required for copy that was eliminated, is not callable because reference parameter cannot be bound to rvalue
     1>c:\users\petr\documents\visual studio 2012\projects\gpu_sem_raytracer\Camera.h(149): warning : "Vec3::Vec3(Vec3 &)", required for copy that was eliminated, is not callable because reference parameter cannot be bound to rvalue
     1>c:\users\petr\documents\visual studio 2012\projects\gpu_sem_raytracer\Camera.h(255): warning : "Vec3::Vec3(Vec3 &)", required for copy that was eliminated, is not callable because reference parameter cannot be bound to rvalue
     1>c:\users\petr\documents\visual studio 2012\projects\gpu_sem_raytracer\Camera.h(258): warning : "Col::Col(Col &)", required for copy that was eliminated, is not callable because reference parameter cannot be bound to rvalue
     1>C:/Users/Petr/Documents/Visual Studio 2012/Projects/GPU_sem_raytracer/Source.cu(175): warning : "Vec3::Vec3(Vec3 &)", required for copy that was eliminated, is not callable because reference parameter cannot be bound to rvalue
     1>C:/Users/Petr/Documents/Visual Studio 2012/Projects/GPU_sem_raytracer/Source.cu(175): warning : "Vec3::Vec3(Vec3 &)", required for copy that was eliminated, is not callable because reference parameter cannot be bound to rvalue
     1>C:/Users/Petr/Documents/Visual Studio 2012/Projects/GPU_sem_raytracer/Source.cu(175): warning : "Vec3::Vec3(Vec3 &)", required for copy that was eliminated, is not callable because reference parameter cannot be bound to rvalue
     1>C:/Users/Petr/Documents/Visual Studio 2012/Projects/GPU_sem_raytracer/Source.cu(178): warning : "Vec3::Vec3(Vec3 &)", required for copy that was eliminated, is not callable because reference parameter cannot be bound to rvalue
     1>C:/Users/Petr/Documents/Visual Studio 2012/Projects/GPU_sem_raytracer/Source.cu(189): warning : "Vec3::Vec3(Vec3 &)", required for copy that was eliminated, is not callable because reference parameter cannot be bound to rvalue
     1>C:/Users/Petr/Documents/Visual Studio 2012/Projects/GPU_sem_raytracer/Source.cu(192): warning : "Vec3::Vec3(Vec3 &)", required for copy that was eliminated, is not callable because reference parameter cannot be bound to rvalue
     1>C:/Users/Petr/Documents/Visual Studio 2012/Projects/GPU_sem_raytracer/Source.cu(195): warning : "Vec3::Vec3(Vec3 &)", required for copy that was eliminated, is not callable because reference parameter cannot be bound to rvalue
     1>C:/Users/Petr/Documents/Visual Studio 2012/Projects/GPU_sem_raytracer/Source.cu(212): warning : "Vec3::Vec3(Vec3 &)", required for copy that was eliminated, is not callable because reference parameter cannot be bound to rvalue
     1>C:/Users/Petr/Documents/Visual Studio 2012/Projects/GPU_sem_raytracer/Source.cu(212): warning : "Vec3::Vec3(Vec3 &)", required for copy that was eliminated, is not callable because reference parameter cannot be bound to rvalue
     1>C:/Users/Petr/Documents/Visual Studio 2012/Projects/GPU_sem_raytracer/Source.cu(212): warning : "Vec3::Vec3(Vec3 &)", required for copy that was eliminated, is not callable because reference parameter cannot be bound to rvalue
     1>C:/Users/Petr/Documents/Visual Studio 2012/Projects/GPU_sem_raytracer/Source.cu(215): warning : "Vec3::Vec3(Vec3 &)", required for copy that was eliminated, is not callable because reference parameter cannot be bound to rvalue
     1>C:/Users/Petr/Documents/Visual Studio 2012/Projects/GPU_sem_raytracer/Source.cu(227): warning : "Vec3::Vec3(Vec3 &)", required for copy that was eliminated, is not callable because reference parameter cannot be bound to rvalue
     1>C:/Users/Petr/Documents/Visual Studio 2012/Projects/GPU_sem_raytracer/Source.cu(242): warning : "Vec3::Vec3(Vec3 &)", required for copy that was eliminated, is not callable because reference parameter cannot be bound to rvalue
     1>C:/Users/Petr/Documents/Visual Studio 2012/Projects/GPU_sem_raytracer/Source.cu(242): warning : "Vec3::Vec3(Vec3 &)", required for copy that was eliminated, is not callable because reference parameter cannot be bound to rvalue
     1>C:/Users/Petr/Documents/Visual Studio 2012/Projects/GPU_sem_raytracer/Source.cu(242): warning : "Vec3::Vec3(Vec3 &)", required for copy that was eliminated, is not callable because reference parameter cannot be bound to rvalue
     1>C:/Users/Petr/Documents/Visual Studio 2012/Projects/GPU_sem_raytracer/Source.cu(245): warning : "Vec3::Vec3(Vec3 &)", required for copy that was eliminated, is not callable because reference parameter cannot be bound to rvalue
     1>C:/Users/Petr/Documents/Visual Studio 2012/Projects/GPU_sem_raytracer/Source.cu(247): warning : "Vec3::Vec3(Vec3 &)", required for copy that was eliminated, is not callable because reference parameter cannot be bound to rvalue
     1>C:/Users/Petr/Documents/Visual Studio 2012/Projects/GPU_sem_raytracer/Source.cu(268): warning : "Vec3::Vec3(Vec3 &)", required for copy that was eliminated, is not callable because reference parameter cannot be bound to rvalue
     1>C:/Users/Petr/Documents/Visual Studio 2012/Projects/GPU_sem_raytracer/Source.cu(276): warning : "Vec3::Vec3(Vec3 &)", required for copy that was eliminated, is not callable because reference parameter cannot be bound to rvalue
     1>C:/Users/Petr/Documents/Visual Studio 2012/Projects/GPU_sem_raytracer/Source.cu(279): warning : "Vec3::Vec3(Vec3 &)", required for copy that was eliminated, is not callable because reference parameter cannot be bound to rvalue
     1>C:/Users/Petr/Documents/Visual Studio 2012/Projects/GPU_sem_raytracer/Source.cu(289): warning : "Vec3::Vec3(Vec3 &)", required for copy that was eliminated, is not callable because reference parameter cannot be bound to rvalue
     1>C:/Users/Petr/Documents/Visual Studio 2012/Projects/GPU_sem_raytracer/Source.cu(292): warning : "Vec3::Vec3(Vec3 &)", required for copy that was eliminated, is not callable because reference parameter cannot be bound to rvalue
     1>C:/Users/Petr/Documents/Visual Studio 2012/Projects/GPU_sem_raytracer/Source.cu(257): warning : variable "g" was declared but never referenced
     1>C:/Users/Petr/Documents/Visual Studio 2012/Projects/GPU_sem_raytracer/Source.cu(308): warning : "Vec3::Vec3(Vec3 &)", required for copy that was eliminated, is not callable because reference parameter cannot be bound to rvalue
     1>C:/Users/Petr/Documents/Visual Studio 2012/Projects/GPU_sem_raytracer/Source.cu(308): warning : "Vec3::Vec3(Vec3 &)", required for copy that was eliminated, is not callable because reference parameter cannot be bound to rvalue
     1>C:/Users/Petr/Documents/Visual Studio 2012/Projects/GPU_sem_raytracer/Source.cu(308): warning : "Vec3::Vec3(Vec3 &)", required for copy that was eliminated, is not callable because reference parameter cannot be bound to rvalue
     1>C:/Users/Petr/Documents/Visual Studio 2012/Projects/GPU_sem_raytracer/Source.cu(311): warning : "Vec3::Vec3(Vec3 &)", required for copy that was eliminated, is not callable because reference parameter cannot be bound to rvalue
     1>C:/Users/Petr/Documents/Visual Studio 2012/Projects/GPU_sem_raytracer/Source.cu(313): warning : "Vec3::Vec3(Vec3 &)", required for copy that was eliminated, is not callable because reference parameter cannot be bound to rvalue
     1>C:/Users/Petr/Documents/Visual Studio 2012/Projects/GPU_sem_raytracer/Source.cu(324): warning : "Vec3::Vec3(Vec3 &)", required for copy that was eliminated, is not callable because reference parameter cannot be bound to rvalue
     1>C:/Users/Petr/Documents/Visual Studio 2012/Projects/GPU_sem_raytracer/Source.cu(330): warning : "Vec3::Vec3(Vec3 &)", required for copy that was eliminated, is not callable because reference parameter cannot be bound to rvalue
     1>C:/Users/Petr/Documents/Visual Studio 2012/Projects/GPU_sem_raytracer/Source.cu(347): warning : "Vec3::Vec3(Vec3 &)", required for copy that was eliminated, is not callable because reference parameter cannot be bound to rvalue
     1>C:/Users/Petr/Documents/Visual Studio 2012/Projects/GPU_sem_raytracer/Source.cu(347): warning : "Vec3::Vec3(Vec3 &)", required for copy that was eliminated, is not callable because reference parameter cannot be bound to rvalue
     1>C:/Users/Petr/Documents/Visual Studio 2012/Projects/GPU_sem_raytracer/Source.cu(347): warning : "Vec3::Vec3(Vec3 &)", required for copy that was eliminated, is not callable because reference parameter cannot be bound to rvalue
     1>C:/Users/Petr/Documents/Visual Studio 2012/Projects/GPU_sem_raytracer/Source.cu(350): warning : "Vec3::Vec3(Vec3 &)", required for copy that was eliminated, is not callable because reference parameter cannot be bound to rvalue
     1>C:/Users/Petr/Documents/Visual Studio 2012/Projects/GPU_sem_raytracer/Source.cu(352): warning : "Vec3::Vec3(Vec3 &)", required for copy that was eliminated, is not callable because reference parameter cannot be bound to rvalue
     1>C:/Users/Petr/Documents/Visual Studio 2012/Projects/GPU_sem_raytracer/Source.cu(354): warning : "Vec3::Vec3(Vec3 &)", required for copy that was eliminated, is not callable because reference parameter cannot be bound to rvalue
     1>C:/Users/Petr/Documents/Visual Studio 2012/Projects/GPU_sem_raytracer/Source.cu(363): warning : "Vec3::Vec3(Vec3 &)", required for copy that was eliminated, is not callable because reference parameter cannot be bound to rvalue
     1>C:/Users/Petr/Documents/Visual Studio 2012/Projects/GPU_sem_raytracer/Source.cu(366): warning : "Vec3::Vec3(Vec3 &)", required for copy that was eliminated, is not callable because reference parameter cannot be bound to rvalue
     1>C:/Users/Petr/Documents/Visual Studio 2012/Projects/GPU_sem_raytracer/Source.cu(369): warning : "Vec3::Vec3(Vec3 &)", required for copy that was eliminated, is not callable because reference parameter cannot be bound to rvalue
     1>C:/Users/Petr/Documents/Visual Studio 2012/Projects/GPU_sem_raytracer/Source.cu(372): warning : "Vec3::Vec3(Vec3 &)", required for copy that was eliminated, is not callable because reference parameter cannot be bound to rvalue
     1>C:/Users/Petr/Documents/Visual Studio 2012/Projects/GPU_sem_raytracer/Source.cu(375): warning : "Vec3::Vec3(Vec3 &)", required for copy that was eliminated, is not callable because reference parameter cannot be bound to rvalue
     1>C:/Users/Petr/Documents/Visual Studio 2012/Projects/GPU_sem_raytracer/Source.cu(378): warning : "Vec3::Vec3(Vec3 &)", required for copy that was eliminated, is not callable because reference parameter cannot be bound to rvalue
     1>C:/Users/Petr/Documents/Visual Studio 2012/Projects/GPU_sem_raytracer/Source.cu(412): warning : "Vec3::Vec3(Vec3 &)", required for copy that was eliminated, is not callable because reference parameter cannot be bound to rvalue
     1>C:/Users/Petr/Documents/Visual Studio 2012/Projects/GPU_sem_raytracer/Source.cu(412): warning : "Vec3::Vec3(Vec3 &)", required for copy that was eliminated, is not callable because reference parameter cannot be bound to rvalue
     1>C:/Users/Petr/Documents/Visual Studio 2012/Projects/GPU_sem_raytracer/Source.cu(412): warning : "Vec3::Vec3(Vec3 &)", required for copy that was eliminated, is not callable because reference parameter cannot be bound to rvalue
     1>C:/Users/Petr/Documents/Visual Studio 2012/Projects/GPU_sem_raytracer/Source.cu(415): warning : "Vec3::Vec3(Vec3 &)", required for copy that was eliminated, is not callable because reference parameter cannot be bound to rvalue
     1>C:/Users/Petr/Documents/Visual Studio 2012/Projects/GPU_sem_raytracer/Source.cu(417): warning : "Vec3::Vec3(Vec3 &)", required for copy that was eliminated, is not callable because reference parameter cannot be bound to rvalue
     1>C:/Users/Petr/Documents/Visual Studio 2012/Projects/GPU_sem_raytracer/Source.cu(429): warning : "Vec3::Vec3(Vec3 &)", required for copy that was eliminated, is not callable because reference parameter cannot be bound to rvalue
     1>C:/Users/Petr/Documents/Visual Studio 2012/Projects/GPU_sem_raytracer/Source.cu(495): warning : "Vec3::Vec3(Vec3 &)", required for copy that was eliminated, is not callable because reference parameter cannot be bound to rvalue
     1>C:/Users/Petr/Documents/Visual Studio 2012/Projects/GPU_sem_raytracer/Source.cu(495): warning : "Vec3::Vec3(Vec3 &)", required for copy that was eliminated, is not callable because reference parameter cannot be bound to rvalue
     1>C:/Users/Petr/Documents/Visual Studio 2012/Projects/GPU_sem_raytracer/Source.cu(495): warning : "Vec3::Vec3(Vec3 &)", required for copy that was eliminated, is not callable because reference parameter cannot be bound to rvalue
     1>C:/Users/Petr/Documents/Visual Studio 2012/Projects/GPU_sem_raytracer/Source.cu(498): warning : "Vec3::Vec3(Vec3 &)", required for copy that was eliminated, is not callable because reference parameter cannot be bound to rvalue
     1>C:/Users/Petr/Documents/Visual Studio 2012/Projects/GPU_sem_raytracer/Source.cu(510): warning : "Vec3::Vec3(Vec3 &)", required for copy that was eliminated, is not callable because reference parameter cannot be bound to rvalue
     1>C:/Users/Petr/Documents/Visual Studio 2012/Projects/GPU_sem_raytracer/Source.cu(513): warning : "Vec3::Vec3(Vec3 &)", required for copy that was eliminated, is not callable because reference parameter cannot be bound to rvalue
     1>C:/Users/Petr/Documents/Visual Studio 2012/Projects/GPU_sem_raytracer/Source.cu(516): warning : "Vec3::Vec3(Vec3 &)", required for copy that was eliminated, is not callable because reference parameter cannot be bound to rvalue
     1>C:/Users/Petr/Documents/Visual Studio 2012/Projects/GPU_sem_raytracer/Source.cu(519): warning : "Vec3::Vec3(Vec3 &)", required for copy that was eliminated, is not callable because reference parameter cannot be bound to rvalue
     1>C:/Users/Petr/Documents/Visual Studio 2012/Projects/GPU_sem_raytracer/Source.cu(523): warning : "Vec3::Vec3(Vec3 &)", required for copy that was eliminated, is not callable because reference parameter cannot be bound to rvalue
     1>C:/Users/Petr/Documents/Visual Studio 2012/Projects/GPU_sem_raytracer/Source.cu(526): warning : "Vec3::Vec3(Vec3 &)", required for copy that was eliminated, is not callable because reference parameter cannot be bound to rvalue
     1>C:/Users/Petr/Documents/Visual Studio 2012/Projects/GPU_sem_raytracer/Source.cu(529): warning : "Vec3::Vec3(Vec3 &)", required for copy that was eliminated, is not callable because reference parameter cannot be bound to rvalue
     1>C:/Users/Petr/Documents/Visual Studio 2012/Projects/GPU_sem_raytracer/Source.cu(532): warning : "Vec3::Vec3(Vec3 &)", required for copy that was eliminated, is not callable because reference parameter cannot be bound to rvalue
     1>C:/Users/Petr/Documents/Visual Studio 2012/Projects/GPU_sem_raytracer/Source.cu(538): warning : "Vec3::Vec3(Vec3 &)", required for copy that was eliminated, is not callable because reference parameter cannot be bound to rvalue
     1>C:/Users/Petr/Documents/Visual Studio 2012/Projects/GPU_sem_raytracer/Source.cu(541): warning : "Vec3::Vec3(Vec3 &)", required for copy that was eliminated, is not callable because reference parameter cannot be bound to rvalue
     1>C:/Users/Petr/Documents/Visual Studio 2012/Projects/GPU_sem_raytracer/Source.cu(544): warning : "Vec3::Vec3(Vec3 &)", required for copy that was eliminated, is not callable because reference parameter cannot be bound to rvalue
     1>C:/Users/Petr/Documents/Visual Studio 2012/Projects/GPU_sem_raytracer/Source.cu(547): warning : "Vec3::Vec3(Vec3 &)", required for copy that was eliminated, is not callable because reference parameter cannot be bound to rvalue
     1>C:/Users/Petr/Documents/Visual Studio 2012/Projects/GPU_sem_raytracer/Source.cu(551): warning : "Vec3::Vec3(Vec3 &)", required for copy that was eliminated, is not callable because reference parameter cannot be bound to rvalue
     1>C:/Users/Petr/Documents/Visual Studio 2012/Projects/GPU_sem_raytracer/Source.cu(554): warning : "Vec3::Vec3(Vec3 &)", required for copy that was eliminated, is not callable because reference parameter cannot be bound to rvalue
     1>C:/Users/Petr/Documents/Visual Studio 2012/Projects/GPU_sem_raytracer/Source.cu(557): warning : "Vec3::Vec3(Vec3 &)", required for copy that was eliminated, is not callable because reference parameter cannot be bound to rvalue
     1>C:/Users/Petr/Documents/Visual Studio 2012/Projects/GPU_sem_raytracer/Source.cu(560): warning : "Vec3::Vec3(Vec3 &)", required for copy that was eliminated, is not callable because reference parameter cannot be bound to rvalue
     1>C:/Users/Petr/Documents/Visual Studio 2012/Projects/GPU_sem_raytracer/Source.cu(579): warning : "Vec3::Vec3(Vec3 &)", required for copy that was eliminated, is not callable because reference parameter cannot be bound to rvalue
     1>C:/Users/Petr/Documents/Visual Studio 2012/Projects/GPU_sem_raytracer/Source.cu(579): warning : "Vec3::Vec3(Vec3 &)", required for copy that was eliminated, is not callable because reference parameter cannot be bound to rvalue
     1>C:/Users/Petr/Documents/Visual Studio 2012/Projects/GPU_sem_raytracer/Source.cu(579): warning : "Vec3::Vec3(Vec3 &)", required for copy that was eliminated, is not callable because reference parameter cannot be bound to rvalue
     1>C:/Users/Petr/Documents/Visual Studio 2012/Projects/GPU_sem_raytracer/Source.cu(582): warning : "Vec3::Vec3(Vec3 &)", required for copy that was eliminated, is not callable because reference parameter cannot be bound to rvalue
     1>C:/Users/Petr/Documents/Visual Studio 2012/Projects/GPU_sem_raytracer/Source.cu(591): warning : variable "posX" was set but never used
     1>C:/Users/Petr/Documents/Visual Studio 2012/Projects/GPU_sem_raytracer/Source.cu(591): warning : variable "posY" was set but never used
     1>C:/Users/Petr/Documents/Visual Studio 2012/Projects/GPU_sem_raytracer/Source.cu(591): warning : variable "posZ" was set but never used
     1>C:/Users/Petr/Documents/Visual Studio 2012/Projects/GPU_sem_raytracer/Source.cu(592): warning : variable "t0x" was set but never used
     1>C:/Users/Petr/Documents/Visual Studio 2012/Projects/GPU_sem_raytracer/Source.cu(592): warning : variable "t0y" was set but never used
     1>C:/Users/Petr/Documents/Visual Studio 2012/Projects/GPU_sem_raytracer/Source.cu(592): warning : variable "t1x" was set but never used
     1>C:/Users/Petr/Documents/Visual Studio 2012/Projects/GPU_sem_raytracer/Source.cu(592): warning : variable "t1y" was set but never used
     1>C:/Users/Petr/Documents/Visual Studio 2012/Projects/GPU_sem_raytracer/Source.cu(592): warning : variable "t2x" was set but never used
     1>C:/Users/Petr/Documents/Visual Studio 2012/Projects/GPU_sem_raytracer/Source.cu(592): warning : variable "t2y" was set but never used
     1>C:/Users/Petr/Documents/Visual Studio 2012/Projects/GPU_sem_raytracer/Source.cu(641): warning : "Vec3::Vec3(Vec3 &)", required for copy that was eliminated, is not callable because reference parameter cannot be bound to rvalue
     1>C:/Users/Petr/Documents/Visual Studio 2012/Projects/GPU_sem_raytracer/Source.cu(641): warning : "Vec3::Vec3(Vec3 &)", required for copy that was eliminated, is not callable because reference parameter cannot be bound to rvalue
     1>C:/Users/Petr/Documents/Visual Studio 2012/Projects/GPU_sem_raytracer/Source.cu(641): warning : "Vec3::Vec3(Vec3 &)", required for copy that was eliminated, is not callable because reference parameter cannot be bound to rvalue
     1>C:/Users/Petr/Documents/Visual Studio 2012/Projects/GPU_sem_raytracer/Source.cu(644): warning : "Vec3::Vec3(Vec3 &)", required for copy that was eliminated, is not callable because reference parameter cannot be bound to rvalue
     1>C:/Users/Petr/Documents/Visual Studio 2012/Projects/GPU_sem_raytracer/Source.cu(646): warning : "Vec3::Vec3(Vec3 &)", required for copy that was eliminated, is not callable because reference parameter cannot be bound to rvalue
     1>C:/Users/Petr/Documents/Visual Studio 2012/Projects/GPU_sem_raytracer/Source.cu(654): warning : "Vec3::Vec3(Vec3 &)", required for copy that was eliminated, is not callable because reference parameter cannot be bound to rvalue
     1>C:/Users/Petr/Documents/Visual Studio 2012/Projects/GPU_sem_raytracer/Source.cu(655): warning : "Vec3::Vec3(Vec3 &)", required for copy that was eliminated, is not callable because reference parameter cannot be bound to rvalue
     1>C:/Users/Petr/Documents/Visual Studio 2012/Projects/GPU_sem_raytracer/Source.cu(656): warning : "Vec3::Vec3(Vec3 &)", required for copy that was eliminated, is not callable because reference parameter cannot be bound to rvalue
     1>C:/Users/Petr/Documents/Visual Studio 2012/Projects/GPU_sem_raytracer/Source.cu(1323): warning : variable "indexLight" was declared but never referenced
     1>C:/Users/Petr/Documents/Visual Studio 2012/Projects/GPU_sem_raytracer/Source.cu(1337): warning : variable "colorMod" was declared but never referenced
     1>C:/Users/Petr/Documents/Visual Studio 2012/Projects/GPU_sem_raytracer/Source.cu(1670): warning : variable "indexLight" was declared but never referenced
     1>C:/Users/Petr/Documents/Visual Studio 2012/Projects/GPU_sem_raytracer/Source.cu(1686): warning : variable "colorMod" was declared but never referenced
     1>C:/Users/Petr/Documents/Visual Studio 2012/Projects/GPU_sem_raytracer/Source.cu(1979): warning : variable "sphereC" was declared but never referenced
     1>C:/Users/Petr/Documents/Visual Studio 2012/Projects/GPU_sem_raytracer/Source.cu(1980): warning : variable "triangleC" was declared but never referenced
     1>C:/Users/Petr/Documents/Visual Studio 2012/Projects/GPU_sem_raytracer/Source.cu(1991): warning : variable "bufferAlloc" was declared but never referenced
     1>C:/Users/Petr/Documents/Visual Studio 2012/Projects/GPU_sem_raytracer/Source.cu(2061): warning : variable "sphereC" was declared but never referenced
     1>C:/Users/Petr/Documents/Visual Studio 2012/Projects/GPU_sem_raytracer/Source.cu(2062): warning : variable "triangleC" was declared but never referenced
     1>C:/Users/Petr/Documents/Visual Studio 2012/Projects/GPU_sem_raytracer/Source.cu(2073): warning : variable "bufferAlloc" was declared but never referenced
     1>c:\users\petr\documents\visual studio 2012\projects\gpu_sem_raytracer\Col.h(109): warning : "Col::Col(Col &)", required for copy that was eliminated, is not callable because reference parameter cannot be bound to rvalue
     1>c:\users\petr\documents\visual studio 2012\projects\gpu_sem_raytracer\Triangle.h(59): warning : "Vec3::Vec3(Vec3 &)", required for copy that was eliminated, is not callable because reference parameter cannot be bound to rvalue
     1>c:\users\petr\documents\visual studio 2012\projects\gpu_sem_raytracer\Triangle.h(61): warning : "Vec3::Vec3(Vec3 &)", required for copy that was eliminated, is not callable because reference parameter cannot be bound to rvalue
     1>c:\users\petr\documents\visual studio 2012\projects\gpu_sem_raytracer\Triangle.h(64): warning : "Vec3::Vec3(Vec3 &)", required for copy that was eliminated, is not callable because reference parameter cannot be bound to rvalue
     1>c:\users\petr\documents\visual studio 2012\projects\gpu_sem_raytracer\Triangle.h(67): warning : "Vec3::Vec3(Vec3 &)", required for copy that was eliminated, is not callable because reference parameter cannot be bound to rvalue
     1>c:\users\petr\documents\visual studio 2012\projects\gpu_sem_raytracer\Triangle.h(85): warning : "Vec3::Vec3(Vec3 &)", required for copy that was eliminated, is not callable because reference parameter cannot be bound to rvalue
     1>c:\users\petr\documents\visual studio 2012\projects\gpu_sem_raytracer\Triangle.h(110): warning : "Vec3::Vec3(Vec3 &)", required for copy that was eliminated, is not callable because reference parameter cannot be bound to rvalue
     1>c:\users\petr\documents\visual studio 2012\projects\gpu_sem_raytracer\Triangle.h(112): warning : "Vec3::Vec3(Vec3 &)", required for copy that was eliminated, is not callable because reference parameter cannot be bound to rvalue
     1>c:\users\petr\documents\visual studio 2012\projects\gpu_sem_raytracer\Triangle.h(115): warning : "Vec3::Vec3(Vec3 &)", required for copy that was eliminated, is not callable because reference parameter cannot be bound to rvalue
     1>c:\users\petr\documents\visual studio 2012\projects\gpu_sem_raytracer\RayBuffer.h(77): warning : delete of pointer to incomplete class
     1>c:\users\petr\documents\visual studio 2012\projects\gpu_sem_raytracer\KDTree.h(258): warning : statement is unreachable
     1>c:\users\petr\documents\visual studio 2012\projects\gpu_sem_raytracer\KDTree.h(298): warning : statement is unreachable
     1>c:\users\petr\documents\visual studio 2012\projects\gpu_sem_raytracer\KDTree.h(340): warning : statement is unreachable
     1>c:\users\petr\documents\visual studio 2012\projects\gpu_sem_raytracer\KDTree.h(520): warning : "Vec3::Vec3(Vec3 &)", required for copy that was eliminated, is not callable because reference parameter cannot be bound to rvalue
     1>c:\users\petr\documents\visual studio 2012\projects\gpu_sem_raytracer\KDTree.h(603): warning : "Vec3::Vec3(Vec3 &)", required for copy that was eliminated, is not callable because reference parameter cannot be bound to rvalue
     1>c:\users\petr\documents\visual studio 2012\projects\gpu_sem_raytracer\KDTree.h(815): warning : variable "test" was declared but never referenced
     1>c:\users\petr\documents\visual studio 2012\projects\gpu_sem_raytracer\RayTask.h(251): warning : initial value of reference to non-const must be an lvalue
     1>c:\users\petr\documents\visual studio 2012\projects\gpu_sem_raytracer\RayTask.h(219): warning : variable "tempL" was declared but never referenced
     1>c:\users\petr\documents\visual studio 2012\projects\gpu_sem_raytracer\RayTask.h(276): warning : "Col::Col(Col &)", required for copy that was eliminated, is not callable because reference parameter cannot be bound to rvalue
     1>c:\users\petr\documents\visual studio 2012\projects\gpu_sem_raytracer\RayTask.h(294): warning : "Vec3::Vec3(Vec3 &)", required for copy that was eliminated, is not callable because reference parameter cannot be bound to rvalue
     1>c:\users\petr\documents\visual studio 2012\projects\gpu_sem_raytracer\RayTask.h(295): warning : "Vec3::Vec3(Vec3 &)", required for copy that was eliminated, is not callable because reference parameter cannot be bound to rvalue
     1>c:\users\petr\documents\visual studio 2012\projects\gpu_sem_raytracer\RayTask.h(296): warning : "Vec3::Vec3(Vec3 &)", required for copy that was eliminated, is not callable because reference parameter cannot be bound to rvalue
     1>c:\users\petr\documents\visual studio 2012\projects\gpu_sem_raytracer\RayTask.h(297): warning : "Vec3::Vec3(Vec3 &)", required for copy that was eliminated, is not callable because reference parameter cannot be bound to rvalue
     1>c:\users\petr\documents\visual studio 2012\projects\gpu_sem_raytracer\RayTask.h(298): warning : "Vec3::Vec3(Vec3 &)", required for copy that was eliminated, is not callable because reference parameter cannot be bound to rvalue
     1>c:\users\petr\documents\visual studio 2012\projects\gpu_sem_raytracer\RayTask.h(299): warning : "Col::Col(Col &)", required for copy that was eliminated, is not callable because reference parameter cannot be bound to rvalue
     1>c:\users\petr\documents\visual studio 2012\projects\gpu_sem_raytracer\RayTask.h(300): warning : "Col::Col(Col &)", required for copy that was eliminated, is not callable because reference parameter cannot be bound to rvalue
     1>c:\users\petr\documents\visual studio 2012\projects\gpu_sem_raytracer\RayTask.h(301): warning : "Col::Col(Col &)", required for copy that was eliminated, is not callable because reference parameter cannot be bound to rvalue
     1>c:\users\petr\documents\visual studio 2012\projects\gpu_sem_raytracer\RayTask.h(338): warning : "Col::Col(Col &)", required for copy that was eliminated, is not callable because reference parameter cannot be bound to rvalue
     1>c:\users\petr\documents\visual studio 2012\projects\gpu_sem_raytracer\RayTask.h(344): warning : "Vec3::Vec3(Vec3 &)", required for copy that was eliminated, is not callable because reference parameter cannot be bound to rvalue
     1>c:\users\petr\documents\visual studio 2012\projects\gpu_sem_raytracer\RayTask.h(364): warning : "Vec3::Vec3(Vec3 &)", required for copy that was eliminated, is not callable because reference parameter cannot be bound to rvalue
     1>c:\users\petr\documents\visual studio 2012\projects\gpu_sem_raytracer\RayTask.h(374): warning : "Col::Col(Col &)", required for copy that was eliminated, is not callable because reference parameter cannot be bound to rvalue
     1>c:\users\petr\documents\visual studio 2012\projects\gpu_sem_raytracer\RayTask.h(398): warning : "Col::Col(Col &)", required for copy that was eliminated, is not callable because reference parameter cannot be bound to rvalue
     1>c:\users\petr\documents\visual studio 2012\projects\gpu_sem_raytracer\RayTask.h(519): warning : initial value of reference to non-const must be an lvalue
     1>c:\users\petr\documents\visual studio 2012\projects\gpu_sem_raytracer\RayTask.h(487): warning : variable "tempL" was declared but never referenced
     1>c:\users\petr\documents\visual studio 2012\projects\gpu_sem_raytracer\RayTask.h(545): warning : "Col::Col(Col &)", required for copy that was eliminated, is not callable because reference parameter cannot be bound to rvalue
     1>c:\users\petr\documents\visual studio 2012\projects\gpu_sem_raytracer\RayTask.h(563): warning : "Vec3::Vec3(Vec3 &)", required for copy that was eliminated, is not callable because reference parameter cannot be bound to rvalue
     1>c:\users\petr\documents\visual studio 2012\projects\gpu_sem_raytracer\RayTask.h(564): warning : "Vec3::Vec3(Vec3 &)", required for copy that was eliminated, is not callable because reference parameter cannot be bound to rvalue
     1>c:\users\petr\documents\visual studio 2012\projects\gpu_sem_raytracer\RayTask.h(565): warning : "Vec3::Vec3(Vec3 &)", required for copy that was eliminated, is not callable because reference parameter cannot be bound to rvalue
     1>c:\users\petr\documents\visual studio 2012\projects\gpu_sem_raytracer\RayTask.h(566): warning : "Vec3::Vec3(Vec3 &)", required for copy that was eliminated, is not callable because reference parameter cannot be bound to rvalue
     1>c:\users\petr\documents\visual studio 2012\projects\gpu_sem_raytracer\RayTask.h(567): warning : "Vec3::Vec3(Vec3 &)", required for copy that was eliminated, is not callable because reference parameter cannot be bound to rvalue
     1>c:\users\petr\documents\visual studio 2012\projects\gpu_sem_raytracer\RayTask.h(568): warning : "Col::Col(Col &)", required for copy that was eliminated, is not callable because reference parameter cannot be bound to rvalue
     1>c:\users\petr\documents\visual studio 2012\projects\gpu_sem_raytracer\RayTask.h(569): warning : "Col::Col(Col &)", required for copy that was eliminated, is not callable because reference parameter cannot be bound to rvalue
     1>c:\users\petr\documents\visual studio 2012\projects\gpu_sem_raytracer\RayTask.h(570): warning : "Col::Col(Col &)", required for copy that was eliminated, is not callable because reference parameter cannot be bound to rvalue
     1>c:\users\petr\documents\visual studio 2012\projects\gpu_sem_raytracer\RayTask.h(607): warning : "Col::Col(Col &)", required for copy that was eliminated, is not callable because reference parameter cannot be bound to rvalue
     1>c:\users\petr\documents\visual studio 2012\projects\gpu_sem_raytracer\RayTask.h(613): warning : "Vec3::Vec3(Vec3 &)", required for copy that was eliminated, is not callable because reference parameter cannot be bound to rvalue
     1>c:\users\petr\documents\visual studio 2012\projects\gpu_sem_raytracer\RayTask.h(633): warning : "Vec3::Vec3(Vec3 &)", required for copy that was eliminated, is not callable because reference parameter cannot be bound to rvalue
     1>c:\users\petr\documents\visual studio 2012\projects\gpu_sem_raytracer\RayTask.h(643): warning : "Col::Col(Col &)", required for copy that was eliminated, is not callable because reference parameter cannot be bound to rvalue
     1>c:\users\petr\documents\visual studio 2012\projects\gpu_sem_raytracer\RayTask.h(665): warning : "Col::Col(Col &)", required for copy that was eliminated, is not callable because reference parameter cannot be bound to rvalue
     1>c:\users\petr\documents\visual studio 2012\projects\gpu_sem_raytracer\RayTask.h(698): warning : "Vec3::Vec3(Vec3 &)", required for copy that was eliminated, is not callable because reference parameter cannot be bound to rvalue
     1>c:\users\petr\documents\visual studio 2012\projects\gpu_sem_raytracer\RayTask.h(721): warning : "Vec3::Vec3(Vec3 &)", required for copy that was eliminated, is not callable because reference parameter cannot be bound to rvalue
     1>c:\users\petr\documents\visual studio 2012\projects\gpu_sem_raytracer\RayTask.h(727): warning : "Vec3::Vec3(Vec3 &)", required for copy that was eliminated, is not callable because reference parameter cannot be bound to rvalue
     1>c:\users\petr\documents\visual studio 2012\projects\gpu_sem_raytracer\RayTask.h(768): warning : "Vec3::Vec3(Vec3 &)", required for copy that was eliminated, is not callable because reference parameter cannot be bound to rvalue
     1>c:\users\petr\documents\visual studio 2012\projects\gpu_sem_raytracer\RayTask.h(736): warning : variable "finalV" was set but never used
     1>c:\users\petr\documents\visual studio 2012\projects\gpu_sem_raytracer\RayTask.h(787): warning : statement is unreachable
     1>c:\users\petr\documents\visual studio 2012\projects\gpu_sem_raytracer\RayTask.h(852): warning : "Vec3::Vec3(Vec3 &)", required for copy that was eliminated, is not callable because reference parameter cannot be bound to rvalue
     1>c:\users\petr\documents\visual studio 2012\projects\gpu_sem_raytracer\RayTask.h(853): warning : "Vec3::Vec3(Vec3 &)", required for copy that was eliminated, is not callable because reference parameter cannot be bound to rvalue
     1>c:\users\petr\documents\visual studio 2012\projects\gpu_sem_raytracer\Camera.h(99): warning : "Vec3::Vec3(Vec3 &)", required for copy that was eliminated, is not callable because reference parameter cannot be bound to rvalue
     1>c:\users\petr\documents\visual studio 2012\projects\gpu_sem_raytracer\Camera.h(149): warning : "Vec3::Vec3(Vec3 &)", required for copy that was eliminated, is not callable because reference parameter cannot be bound to rvalue
     1>c:\users\petr\documents\visual studio 2012\projects\gpu_sem_raytracer\Camera.h(255): warning : "Vec3::Vec3(Vec3 &)", required for copy that was eliminated, is not callable because reference parameter cannot be bound to rvalue
     1>c:\users\petr\documents\visual studio 2012\projects\gpu_sem_raytracer\Camera.h(258): warning : "Col::Col(Col &)", required for copy that was eliminated, is not callable because reference parameter cannot be bound to rvalue
     1>C:/Users/Petr/Documents/Visual Studio 2012/Projects/GPU_sem_raytracer/Source.cu(175): warning : "Vec3::Vec3(Vec3 &)", required for copy that was eliminated, is not callable because reference parameter cannot be bound to rvalue
     1>C:/Users/Petr/Documents/Visual Studio 2012/Projects/GPU_sem_raytracer/Source.cu(175): warning : "Vec3::Vec3(Vec3 &)", required for copy that was eliminated, is not callable because reference parameter cannot be bound to rvalue
     1>C:/Users/Petr/Documents/Visual Studio 2012/Projects/GPU_sem_raytracer/Source.cu(175): warning : "Vec3::Vec3(Vec3 &)", required for copy that was eliminated, is not callable because reference parameter cannot be bound to rvalue
     1>C:/Users/Petr/Documents/Visual Studio 2012/Projects/GPU_sem_raytracer/Source.cu(178): warning : "Vec3::Vec3(Vec3 &)", required for copy that was eliminated, is not callable because reference parameter cannot be bound to rvalue
     1>C:/Users/Petr/Documents/Visual Studio 2012/Projects/GPU_sem_raytracer/Source.cu(189): warning : "Vec3::Vec3(Vec3 &)", required for copy that was eliminated, is not callable because reference parameter cannot be bound to rvalue
     1>C:/Users/Petr/Documents/Visual Studio 2012/Projects/GPU_sem_raytracer/Source.cu(192): warning : "Vec3::Vec3(Vec3 &)", required for copy that was eliminated, is not callable because reference parameter cannot be bound to rvalue
     1>C:/Users/Petr/Documents/Visual Studio 2012/Projects/GPU_sem_raytracer/Source.cu(195): warning : "Vec3::Vec3(Vec3 &)", required for copy that was eliminated, is not callable because reference parameter cannot be bound to rvalue
     1>C:/Users/Petr/Documents/Visual Studio 2012/Projects/GPU_sem_raytracer/Source.cu(212): warning : "Vec3::Vec3(Vec3 &)", required for copy that was eliminated, is not callable because reference parameter cannot be bound to rvalue
     1>C:/Users/Petr/Documents/Visual Studio 2012/Projects/GPU_sem_raytracer/Source.cu(212): warning : "Vec3::Vec3(Vec3 &)", required for copy that was eliminated, is not callable because reference parameter cannot be bound to rvalue
     1>C:/Users/Petr/Documents/Visual Studio 2012/Projects/GPU_sem_raytracer/Source.cu(212): warning : "Vec3::Vec3(Vec3 &)", required for copy that was eliminated, is not callable because reference parameter cannot be bound to rvalue
     1>C:/Users/Petr/Documents/Visual Studio 2012/Projects/GPU_sem_raytracer/Source.cu(215): warning : "Vec3::Vec3(Vec3 &)", required for copy that was eliminated, is not callable because reference parameter cannot be bound to rvalue
     1>C:/Users/Petr/Documents/Visual Studio 2012/Projects/GPU_sem_raytracer/Source.cu(227): warning : "Vec3::Vec3(Vec3 &)", required for copy that was eliminated, is not callable because reference parameter cannot be bound to rvalue
     1>C:/Users/Petr/Documents/Visual Studio 2012/Projects/GPU_sem_raytracer/Source.cu(242): warning : "Vec3::Vec3(Vec3 &)", required for copy that was eliminated, is not callable because reference parameter cannot be bound to rvalue
     1>C:/Users/Petr/Documents/Visual Studio 2012/Projects/GPU_sem_raytracer/Source.cu(242): warning : "Vec3::Vec3(Vec3 &)", required for copy that was eliminated, is not callable because reference parameter cannot be bound to rvalue
     1>C:/Users/Petr/Documents/Visual Studio 2012/Projects/GPU_sem_raytracer/Source.cu(242): warning : "Vec3::Vec3(Vec3 &)", required for copy that was eliminated, is not callable because reference parameter cannot be bound to rvalue
     1>C:/Users/Petr/Documents/Visual Studio 2012/Projects/GPU_sem_raytracer/Source.cu(245): warning : "Vec3::Vec3(Vec3 &)", required for copy that was eliminated, is not callable because reference parameter cannot be bound to rvalue
     1>C:/Users/Petr/Documents/Visual Studio 2012/Projects/GPU_sem_raytracer/Source.cu(247): warning : "Vec3::Vec3(Vec3 &)", required for copy that was eliminated, is not callable because reference parameter cannot be bound to rvalue
     1>C:/Users/Petr/Documents/Visual Studio 2012/Projects/GPU_sem_raytracer/Source.cu(268): warning : "Vec3::Vec3(Vec3 &)", required for copy that was eliminated, is not callable because reference parameter cannot be bound to rvalue
     1>C:/Users/Petr/Documents/Visual Studio 2012/Projects/GPU_sem_raytracer/Source.cu(276): warning : "Vec3::Vec3(Vec3 &)", required for copy that was eliminated, is not callable because reference parameter cannot be bound to rvalue
     1>C:/Users/Petr/Documents/Visual Studio 2012/Projects/GPU_sem_raytracer/Source.cu(279): warning : "Vec3::Vec3(Vec3 &)", required for copy that was eliminated, is not callable because reference parameter cannot be bound to rvalue
     1>C:/Users/Petr/Documents/Visual Studio 2012/Projects/GPU_sem_raytracer/Source.cu(289): warning : "Vec3::Vec3(Vec3 &)", required for copy that was eliminated, is not callable because reference parameter cannot be bound to rvalue
     1>C:/Users/Petr/Documents/Visual Studio 2012/Projects/GPU_sem_raytracer/Source.cu(292): warning : "Vec3::Vec3(Vec3 &)", required for copy that was eliminated, is not callable because reference parameter cannot be bound to rvalue
     1>C:/Users/Petr/Documents/Visual Studio 2012/Projects/GPU_sem_raytracer/Source.cu(257): warning : variable "g" was declared but never referenced
     1>C:/Users/Petr/Documents/Visual Studio 2012/Projects/GPU_sem_raytracer/Source.cu(308): warning : "Vec3::Vec3(Vec3 &)", required for copy that was eliminated, is not callable because reference parameter cannot be bound to rvalue
     1>C:/Users/Petr/Documents/Visual Studio 2012/Projects/GPU_sem_raytracer/Source.cu(308): warning : "Vec3::Vec3(Vec3 &)", required for copy that was eliminated, is not callable because reference parameter cannot be bound to rvalue
     1>C:/Users/Petr/Documents/Visual Studio 2012/Projects/GPU_sem_raytracer/Source.cu(308): warning : "Vec3::Vec3(Vec3 &)", required for copy that was eliminated, is not callable because reference parameter cannot be bound to rvalue
     1>C:/Users/Petr/Documents/Visual Studio 2012/Projects/GPU_sem_raytracer/Source.cu(311): warning : "Vec3::Vec3(Vec3 &)", required for copy that was eliminated, is not callable because reference parameter cannot be bound to rvalue
     1>C:/Users/Petr/Documents/Visual Studio 2012/Projects/GPU_sem_raytracer/Source.cu(313): warning : "Vec3::Vec3(Vec3 &)", required for copy that was eliminated, is not callable because reference parameter cannot be bound to rvalue
     1>C:/Users/Petr/Documents/Visual Studio 2012/Projects/GPU_sem_raytracer/Source.cu(324): warning : "Vec3::Vec3(Vec3 &)", required for copy that was eliminated, is not callable because reference parameter cannot be bound to rvalue
     1>C:/Users/Petr/Documents/Visual Studio 2012/Projects/GPU_sem_raytracer/Source.cu(330): warning : "Vec3::Vec3(Vec3 &)", required for copy that was eliminated, is not callable because reference parameter cannot be bound to rvalue
     1>C:/Users/Petr/Documents/Visual Studio 2012/Projects/GPU_sem_raytracer/Source.cu(347): warning : "Vec3::Vec3(Vec3 &)", required for copy that was eliminated, is not callable because reference parameter cannot be bound to rvalue
     1>C:/Users/Petr/Documents/Visual Studio 2012/Projects/GPU_sem_raytracer/Source.cu(347): warning : "Vec3::Vec3(Vec3 &)", required for copy that was eliminated, is not callable because reference parameter cannot be bound to rvalue
     1>C:/Users/Petr/Documents/Visual Studio 2012/Projects/GPU_sem_raytracer/Source.cu(347): warning : "Vec3::Vec3(Vec3 &)", required for copy that was eliminated, is not callable because reference parameter cannot be bound to rvalue
     1>C:/Users/Petr/Documents/Visual Studio 2012/Projects/GPU_sem_raytracer/Source.cu(350): warning : "Vec3::Vec3(Vec3 &)", required for copy that was eliminated, is not callable because reference parameter cannot be bound to rvalue
     1>C:/Users/Petr/Documents/Visual Studio 2012/Projects/GPU_sem_raytracer/Source.cu(352): warning : "Vec3::Vec3(Vec3 &)", required for copy that was eliminated, is not callable because reference parameter cannot be bound to rvalue
     1>C:/Users/Petr/Documents/Visual Studio 2012/Projects/GPU_sem_raytracer/Source.cu(354): warning : "Vec3::Vec3(Vec3 &)", required for copy that was eliminated, is not callable because reference parameter cannot be bound to rvalue
     1>C:/Users/Petr/Documents/Visual Studio 2012/Projects/GPU_sem_raytracer/Source.cu(363): warning : "Vec3::Vec3(Vec3 &)", required for copy that was eliminated, is not callable because reference parameter cannot be bound to rvalue
     1>C:/Users/Petr/Documents/Visual Studio 2012/Projects/GPU_sem_raytracer/Source.cu(366): warning : "Vec3::Vec3(Vec3 &)", required for copy that was eliminated, is not callable because reference parameter cannot be bound to rvalue
     1>C:/Users/Petr/Documents/Visual Studio 2012/Projects/GPU_sem_raytracer/Source.cu(369): warning : "Vec3::Vec3(Vec3 &)", required for copy that was eliminated, is not callable because reference parameter cannot be bound to rvalue
     1>C:/Users/Petr/Documents/Visual Studio 2012/Projects/GPU_sem_raytracer/Source.cu(372): warning : "Vec3::Vec3(Vec3 &)", required for copy that was eliminated, is not callable because reference parameter cannot be bound to rvalue
     1>C:/Users/Petr/Documents/Visual Studio 2012/Projects/GPU_sem_raytracer/Source.cu(375): warning : "Vec3::Vec3(Vec3 &)", required for copy that was eliminated, is not callable because reference parameter cannot be bound to rvalue
     1>C:/Users/Petr/Documents/Visual Studio 2012/Projects/GPU_sem_raytracer/Source.cu(378): warning : "Vec3::Vec3(Vec3 &)", required for copy that was eliminated, is not callable because reference parameter cannot be bound to rvalue
     1>C:/Users/Petr/Documents/Visual Studio 2012/Projects/GPU_sem_raytracer/Source.cu(412): warning : "Vec3::Vec3(Vec3 &)", required for copy that was eliminated, is not callable because reference parameter cannot be bound to rvalue
     1>C:/Users/Petr/Documents/Visual Studio 2012/Projects/GPU_sem_raytracer/Source.cu(412): warning : "Vec3::Vec3(Vec3 &)", required for copy that was eliminated, is not callable because reference parameter cannot be bound to rvalue
     1>C:/Users/Petr/Documents/Visual Studio 2012/Projects/GPU_sem_raytracer/Source.cu(412): warning : "Vec3::Vec3(Vec3 &)", required for copy that was eliminated, is not callable because reference parameter cannot be bound to rvalue
     1>C:/Users/Petr/Documents/Visual Studio 2012/Projects/GPU_sem_raytracer/Source.cu(415): warning : "Vec3::Vec3(Vec3 &)", required for copy that was eliminated, is not callable because reference parameter cannot be bound to rvalue
     1>C:/Users/Petr/Documents/Visual Studio 2012/Projects/GPU_sem_raytracer/Source.cu(417): warning : "Vec3::Vec3(Vec3 &)", required for copy that was eliminated, is not callable because reference parameter cannot be bound to rvalue
     1>C:/Users/Petr/Documents/Visual Studio 2012/Projects/GPU_sem_raytracer/Source.cu(429): warning : "Vec3::Vec3(Vec3 &)", required for copy that was eliminated, is not callable because reference parameter cannot be bound to rvalue
     1>C:/Users/Petr/Documents/Visual Studio 2012/Projects/GPU_sem_raytracer/Source.cu(495): warning : "Vec3::Vec3(Vec3 &)", required for copy that was eliminated, is not callable because reference parameter cannot be bound to rvalue
     1>C:/Users/Petr/Documents/Visual Studio 2012/Projects/GPU_sem_raytracer/Source.cu(495): warning : "Vec3::Vec3(Vec3 &)", required for copy that was eliminated, is not callable because reference parameter cannot be bound to rvalue
     1>C:/Users/Petr/Documents/Visual Studio 2012/Projects/GPU_sem_raytracer/Source.cu(495): warning : "Vec3::Vec3(Vec3 &)", required for copy that was eliminated, is not callable because reference parameter cannot be bound to rvalue
     1>C:/Users/Petr/Documents/Visual Studio 2012/Projects/GPU_sem_raytracer/Source.cu(498): warning : "Vec3::Vec3(Vec3 &)", required for copy that was eliminated, is not callable because reference parameter cannot be bound to rvalue
     1>C:/Users/Petr/Documents/Visual Studio 2012/Projects/GPU_sem_raytracer/Source.cu(510): warning : "Vec3::Vec3(Vec3 &)", required for copy that was eliminated, is not callable because reference parameter cannot be bound to rvalue
     1>C:/Users/Petr/Documents/Visual Studio 2012/Projects/GPU_sem_raytracer/Source.cu(513): warning : "Vec3::Vec3(Vec3 &)", required for copy that was eliminated, is not callable because reference parameter cannot be bound to rvalue
     1>C:/Users/Petr/Documents/Visual Studio 2012/Projects/GPU_sem_raytracer/Source.cu(516): warning : "Vec3::Vec3(Vec3 &)", required for copy that was eliminated, is not callable because reference parameter cannot be bound to rvalue
     1>C:/Users/Petr/Documents/Visual Studio 2012/Projects/GPU_sem_raytracer/Source.cu(519): warning : "Vec3::Vec3(Vec3 &)", required for copy that was eliminated, is not callable because reference parameter cannot be bound to rvalue
     1>C:/Users/Petr/Documents/Visual Studio 2012/Projects/GPU_sem_raytracer/Source.cu(523): warning : "Vec3::Vec3(Vec3 &)", required for copy that was eliminated, is not callable because reference parameter cannot be bound to rvalue
     1>C:/Users/Petr/Documents/Visual Studio 2012/Projects/GPU_sem_raytracer/Source.cu(526): warning : "Vec3::Vec3(Vec3 &)", required for copy that was eliminated, is not callable because reference parameter cannot be bound to rvalue
     1>C:/Users/Petr/Documents/Visual Studio 2012/Projects/GPU_sem_raytracer/Source.cu(529): warning : "Vec3::Vec3(Vec3 &)", required for copy that was eliminated, is not callable because reference parameter cannot be bound to rvalue
     1>C:/Users/Petr/Documents/Visual Studio 2012/Projects/GPU_sem_raytracer/Source.cu(532): warning : "Vec3::Vec3(Vec3 &)", required for copy that was eliminated, is not callable because reference parameter cannot be bound to rvalue
     1>C:/Users/Petr/Documents/Visual Studio 2012/Projects/GPU_sem_raytracer/Source.cu(538): warning : "Vec3::Vec3(Vec3 &)", required for copy that was eliminated, is not callable because reference parameter cannot be bound to rvalue
     1>C:/Users/Petr/Documents/Visual Studio 2012/Projects/GPU_sem_raytracer/Source.cu(541): warning : "Vec3::Vec3(Vec3 &)", required for copy that was eliminated, is not callable because reference parameter cannot be bound to rvalue
     1>C:/Users/Petr/Documents/Visual Studio 2012/Projects/GPU_sem_raytracer/Source.cu(544): warning : "Vec3::Vec3(Vec3 &)", required for copy that was eliminated, is not callable because reference parameter cannot be bound to rvalue
     1>C:/Users/Petr/Documents/Visual Studio 2012/Projects/GPU_sem_raytracer/Source.cu(547): warning : "Vec3::Vec3(Vec3 &)", required for copy that was eliminated, is not callable because reference parameter cannot be bound to rvalue
     1>C:/Users/Petr/Documents/Visual Studio 2012/Projects/GPU_sem_raytracer/Source.cu(551): warning : "Vec3::Vec3(Vec3 &)", required for copy that was eliminated, is not callable because reference parameter cannot be bound to rvalue
     1>C:/Users/Petr/Documents/Visual Studio 2012/Projects/GPU_sem_raytracer/Source.cu(554): warning : "Vec3::Vec3(Vec3 &)", required for copy that was eliminated, is not callable because reference parameter cannot be bound to rvalue
     1>C:/Users/Petr/Documents/Visual Studio 2012/Projects/GPU_sem_raytracer/Source.cu(557): warning : "Vec3::Vec3(Vec3 &)", required for copy that was eliminated, is not callable because reference parameter cannot be bound to rvalue
     1>C:/Users/Petr/Documents/Visual Studio 2012/Projects/GPU_sem_raytracer/Source.cu(560): warning : "Vec3::Vec3(Vec3 &)", required for copy that was eliminated, is not callable because reference parameter cannot be bound to rvalue
     1>C:/Users/Petr/Documents/Visual Studio 2012/Projects/GPU_sem_raytracer/Source.cu(579): warning : "Vec3::Vec3(Vec3 &)", required for copy that was eliminated, is not callable because reference parameter cannot be bound to rvalue
     1>C:/Users/Petr/Documents/Visual Studio 2012/Projects/GPU_sem_raytracer/Source.cu(579): warning : "Vec3::Vec3(Vec3 &)", required for copy that was eliminated, is not callable because reference parameter cannot be bound to rvalue
     1>C:/Users/Petr/Documents/Visual Studio 2012/Projects/GPU_sem_raytracer/Source.cu(579): warning : "Vec3::Vec3(Vec3 &)", required for copy that was eliminated, is not callable because reference parameter cannot be bound to rvalue
     1>C:/Users/Petr/Documents/Visual Studio 2012/Projects/GPU_sem_raytracer/Source.cu(582): warning : "Vec3::Vec3(Vec3 &)", required for copy that was eliminated, is not callable because reference parameter cannot be bound to rvalue
     1>C:/Users/Petr/Documents/Visual Studio 2012/Projects/GPU_sem_raytracer/Source.cu(591): warning : variable "posX" was set but never used
     1>C:/Users/Petr/Documents/Visual Studio 2012/Projects/GPU_sem_raytracer/Source.cu(591): warning : variable "posY" was set but never used
     1>C:/Users/Petr/Documents/Visual Studio 2012/Projects/GPU_sem_raytracer/Source.cu(591): warning : variable "posZ" was set but never used
     1>C:/Users/Petr/Documents/Visual Studio 2012/Projects/GPU_sem_raytracer/Source.cu(592): warning : variable "t0x" was set but never used
     1>C:/Users/Petr/Documents/Visual Studio 2012/Projects/GPU_sem_raytracer/Source.cu(592): warning : variable "t0y" was set but never used
     1>C:/Users/Petr/Documents/Visual Studio 2012/Projects/GPU_sem_raytracer/Source.cu(592): warning : variable "t1x" was set but never used
     1>C:/Users/Petr/Documents/Visual Studio 2012/Projects/GPU_sem_raytracer/Source.cu(592): warning : variable "t1y" was set but never used
     1>C:/Users/Petr/Documents/Visual Studio 2012/Projects/GPU_sem_raytracer/Source.cu(592): warning : variable "t2x" was set but never used
     1>C:/Users/Petr/Documents/Visual Studio 2012/Projects/GPU_sem_raytracer/Source.cu(592): warning : variable "t2y" was set but never used
     1>C:/Users/Petr/Documents/Visual Studio 2012/Projects/GPU_sem_raytracer/Source.cu(641): warning : "Vec3::Vec3(Vec3 &)", required for copy that was eliminated, is not callable because reference parameter cannot be bound to rvalue
     1>C:/Users/Petr/Documents/Visual Studio 2012/Projects/GPU_sem_raytracer/Source.cu(641): warning : "Vec3::Vec3(Vec3 &)", required for copy that was eliminated, is not callable because reference parameter cannot be bound to rvalue
     1>C:/Users/Petr/Documents/Visual Studio 2012/Projects/GPU_sem_raytracer/Source.cu(641): warning : "Vec3::Vec3(Vec3 &)", required for copy that was eliminated, is not callable because reference parameter cannot be bound to rvalue
     1>C:/Users/Petr/Documents/Visual Studio 2012/Projects/GPU_sem_raytracer/Source.cu(644): warning : "Vec3::Vec3(Vec3 &)", required for copy that was eliminated, is not callable because reference parameter cannot be bound to rvalue
     1>C:/Users/Petr/Documents/Visual Studio 2012/Projects/GPU_sem_raytracer/Source.cu(646): warning : "Vec3::Vec3(Vec3 &)", required for copy that was eliminated, is not callable because reference parameter cannot be bound to rvalue
     1>C:/Users/Petr/Documents/Visual Studio 2012/Projects/GPU_sem_raytracer/Source.cu(654): warning : "Vec3::Vec3(Vec3 &)", required for copy that was eliminated, is not callable because reference parameter cannot be bound to rvalue
     1>C:/Users/Petr/Documents/Visual Studio 2012/Projects/GPU_sem_raytracer/Source.cu(655): warning : "Vec3::Vec3(Vec3 &)", required for copy that was eliminated, is not callable because reference parameter cannot be bound to rvalue
     1>C:/Users/Petr/Documents/Visual Studio 2012/Projects/GPU_sem_raytracer/Source.cu(656): warning : "Vec3::Vec3(Vec3 &)", required for copy that was eliminated, is not callable because reference parameter cannot be bound to rvalue
     1>C:/Users/Petr/Documents/Visual Studio 2012/Projects/GPU_sem_raytracer/Source.cu(726): warning : a __device__ variable "CUDA_Nodes" cannot be directly read in a host function
     1>C:/Users/Petr/Documents/Visual Studio 2012/Projects/GPU_sem_raytracer/Source.cu(727): warning : a __device__ variable "CUDA_Spheres" cannot be directly read in a host function
     1>C:/Users/Petr/Documents/Visual Studio 2012/Projects/GPU_sem_raytracer/Source.cu(728): warning : a __device__ variable "CUDA_Triangles" cannot be directly read in a host function
     1>C:/Users/Petr/Documents/Visual Studio 2012/Projects/GPU_sem_raytracer/Source.cu(729): warning : a __device__ variable "CUDA_Materials" cannot be directly read in a host function
     1>C:/Users/Petr/Documents/Visual Studio 2012/Projects/GPU_sem_raytracer/Source.cu(730): warning : a __device__ variable "CUDA_Lights" cannot be directly read in a host function
     1>C:/Users/Petr/Documents/Visual Studio 2012/Projects/GPU_sem_raytracer/Source.cu(731): warning : a __device__ variable "CUDA_Indices_Tri" cannot be directly read in a host function
     1>C:/Users/Petr/Documents/Visual Studio 2012/Projects/GPU_sem_raytracer/Source.cu(732): warning : a __device__ variable "CUDA_Indices_Sph" cannot be directly read in a host function
     1>C:/Users/Petr/Documents/Visual Studio 2012/Projects/GPU_sem_raytracer/Source.cu(734): warning : a __device__ variable "CUDA_Rays" cannot be directly read in a host function
     1>C:/Users/Petr/Documents/Visual Studio 2012/Projects/GPU_sem_raytracer/Source.cu(735): warning : a __device__ variable "CUDA_ColorBuffer" cannot be directly read in a host function
     1>C:/Users/Petr/Documents/Visual Studio 2012/Projects/GPU_sem_raytracer/Source.cu(1323): warning : variable "indexLight" was declared but never referenced
     1>C:/Users/Petr/Documents/Visual Studio 2012/Projects/GPU_sem_raytracer/Source.cu(1337): warning : variable "colorMod" was declared but never referenced
     1>C:/Users/Petr/Documents/Visual Studio 2012/Projects/GPU_sem_raytracer/Source.cu(1670): warning : variable "indexLight" was declared but never referenced
     1>C:/Users/Petr/Documents/Visual Studio 2012/Projects/GPU_sem_raytracer/Source.cu(1686): warning : variable "colorMod" was declared but never referenced
     1>C:/Users/Petr/Documents/Visual Studio 2012/Projects/GPU_sem_raytracer/Source.cu(1979): warning : variable "sphereC" was declared but never referenced
     1>C:/Users/Petr/Documents/Visual Studio 2012/Projects/GPU_sem_raytracer/Source.cu(1980): warning : variable "triangleC" was declared but never referenced
     1>C:/Users/Petr/Documents/Visual Studio 2012/Projects/GPU_sem_raytracer/Source.cu(1991): warning : variable "bufferAlloc" was declared but never referenced
     1>C:/Users/Petr/Documents/Visual Studio 2012/Projects/GPU_sem_raytracer/Source.cu(2061): warning : variable "sphereC" was declared but never referenced
     1>C:/Users/Petr/Documents/Visual Studio 2012/Projects/GPU_sem_raytracer/Source.cu(2062): warning : variable "triangleC" was declared but never referenced
     1>C:/Users/Petr/Documents/Visual Studio 2012/Projects/GPU_sem_raytracer/Source.cu(2073): warning : variable "bufferAlloc" was declared but never referenced
     1>C:/Users/Petr/Documents/Visual Studio 2012/Projects/GPU_sem_raytracer/Source.cu(2214): warning : a __device__ variable "CUDA_Nodes" cannot be directly read in a host function
     1>C:/Users/Petr/Documents/Visual Studio 2012/Projects/GPU_sem_raytracer/Source.cu(2215): warning : a __device__ variable "CUDA_Spheres" cannot be directly read in a host function
     1>C:/Users/Petr/Documents/Visual Studio 2012/Projects/GPU_sem_raytracer/Source.cu(2216): warning : a __device__ variable "CUDA_Triangles" cannot be directly read in a host function
     1>C:/Users/Petr/Documents/Visual Studio 2012/Projects/GPU_sem_raytracer/Source.cu(2217): warning : a __device__ variable "CUDA_Materials" cannot be directly read in a host function
     1>C:/Users/Petr/Documents/Visual Studio 2012/Projects/GPU_sem_raytracer/Source.cu(2218): warning : a __device__ variable "CUDA_Lights" cannot be directly read in a host function
     1>C:/Users/Petr/Documents/Visual Studio 2012/Projects/GPU_sem_raytracer/Source.cu(2219): warning : a __device__ variable "CUDA_Indices_Tri" cannot be directly read in a host function
     1>C:/Users/Petr/Documents/Visual Studio 2012/Projects/GPU_sem_raytracer/Source.cu(2220): warning : a __device__ variable "CUDA_Indices_Sph" cannot be directly read in a host function
     1>C:/Users/Petr/Documents/Visual Studio 2012/Projects/GPU_sem_raytracer/Source.cu(2221): warning : a __device__ variable "CUDA_ColorBuffer" cannot be directly read in a host function
     1>C:/Users/Petr/Documents/Visual Studio 2012/Projects/GPU_sem_raytracer/Source.cu(2222): warning : a __device__ variable "CUDA_Rays" cannot be directly read in a host function
     1>C:/Users/Petr/Documents/Visual Studio 2012/Projects/GPU_sem_raytracer/Source.cu(2233): warning : a __device__ variable "CUDA_Nodes" cannot be directly read in a host function
     1>C:/Users/Petr/Documents/Visual Studio 2012/Projects/GPU_sem_raytracer/Source.cu(2233): warning : a __device__ variable "CUDA_Spheres" cannot be directly read in a host function
     1>C:/Users/Petr/Documents/Visual Studio 2012/Projects/GPU_sem_raytracer/Source.cu(2233): warning : a __device__ variable "CUDA_Triangles" cannot be directly read in a host function
     1>C:/Users/Petr/Documents/Visual Studio 2012/Projects/GPU_sem_raytracer/Source.cu(2233): warning : a __device__ variable "CUDA_Materials" cannot be directly read in a host function
     1>C:/Users/Petr/Documents/Visual Studio 2012/Projects/GPU_sem_raytracer/Source.cu(2233): warning : a __device__ variable "CUDA_Lights" cannot be directly read in a host function
     1>C:/Users/Petr/Documents/Visual Studio 2012/Projects/GPU_sem_raytracer/Source.cu(2233): warning : a __device__ variable "CUDA_Indices_Tri" cannot be directly read in a host function
     1>C:/Users/Petr/Documents/Visual Studio 2012/Projects/GPU_sem_raytracer/Source.cu(2233): warning : a __device__ variable "CUDA_Indices_Sph" cannot be directly read in a host function
     1>C:/Users/Petr/Documents/Visual Studio 2012/Projects/GPU_sem_raytracer/Source.cu(2233): warning : a __device__ variable "CUDA_ColorBuffer" cannot be directly read in a host function
     1>C:/Users/Petr/Documents/Visual Studio 2012/Projects/GPU_sem_raytracer/Source.cu(2233): warning : a __device__ variable "CUDA_Rays" cannot be directly read in a host function
     1>C:/Users/Petr/Documents/Visual Studio 2012/Projects/GPU_sem_raytracer/Source.cu(2236): warning : a __device__ variable "CUDA_Nodes" cannot be directly read in a host function
     1>C:/Users/Petr/Documents/Visual Studio 2012/Projects/GPU_sem_raytracer/Source.cu(2236): warning : a __device__ variable "CUDA_Spheres" cannot be directly read in a host function
     1>C:/Users/Petr/Documents/Visual Studio 2012/Projects/GPU_sem_raytracer/Source.cu(2236): warning : a __device__ variable "CUDA_Triangles" cannot be directly read in a host function
     1>C:/Users/Petr/Documents/Visual Studio 2012/Projects/GPU_sem_raytracer/Source.cu(2236): warning : a __device__ variable "CUDA_Materials" cannot be directly read in a host function
     1>C:/Users/Petr/Documents/Visual Studio 2012/Projects/GPU_sem_raytracer/Source.cu(2236): warning : a __device__ variable "CUDA_Lights" cannot be directly read in a host function
     1>C:/Users/Petr/Documents/Visual Studio 2012/Projects/GPU_sem_raytracer/Source.cu(2236): warning : a __device__ variable "CUDA_Indices_Tri" cannot be directly read in a host function
     1>C:/Users/Petr/Documents/Visual Studio 2012/Projects/GPU_sem_raytracer/Source.cu(2236): warning : a __device__ variable "CUDA_Indices_Sph" cannot be directly read in a host function
     1>C:/Users/Petr/Documents/Visual Studio 2012/Projects/GPU_sem_raytracer/Source.cu(2236): warning : a __device__ variable "CUDA_ColorBuffer" cannot be directly read in a host function
     1>C:/Users/Petr/Documents/Visual Studio 2012/Projects/GPU_sem_raytracer/Source.cu(2236): warning : a __device__ variable "CUDA_Rays" cannot be directly read in a host function
     1>C:/Users/Petr/Documents/Visual Studio 2012/Projects/GPU_sem_raytracer/Source.cu(2240): warning : a __device__ variable "CUDA_ColorBuffer" cannot be directly read in a host function
         Source.cu
     1>c:\users\petr\documents\visual studio 2012\projects\gpu_sem_raytracer\RayBuffer.h(77): warning C4150: deletion of pointer to incomplete type 'RayTask'; no destructor called
                 c:\users\petr\documents\visual studio 2012\projects\gpu_sem_raytracer\RayBuffer.h(17) : see declaration of 'RayTask'
     1>c:\users\petr\documents\visual studio 2012\projects\gpu_sem_raytracer\RayTask.h(219): warning C4101: 'tempL' : unreferenced local variable
     1>c:\users\petr\documents\visual studio 2012\projects\gpu_sem_raytracer\RayTask.h(487): warning C4101: 'tempL' : unreferenced local variable
       ClCompile:
         C:\Program Files (x86)\Microsoft Visual Studio 11.0\VC\bin\CL.exe /c /Ipthreads\include /I"C:\Program Files\NVIDIA GPU Computing Toolkit\CUDA\v7.5\include" /I"C:\Program Files\NVIDIA GPU Computing Toolkit\CUDA\v7.5\include" /I.\ /Zi /nologo /W3 /WX- /O2 /Oi /Oy- /GL /D WIN32 /D NDEBUG /D _CONSOLE /D _MBCS /Gm- /EHsc /MD /GS /Gy /fp:precise /Zc:wchar_t /Zc:forScope /Fo"Release\\" /Fd"Release\vc110.pdb" /Gd /TP /analyze- /errorReport:prompt Old.cpp
         Old.cpp
       Link:
         C:\Program Files (x86)\Microsoft Visual Studio 11.0\VC\bin\link.exe /ERRORREPORT:PROMPT /OUT:"C:\Users\Petr\Documents\Visual Studio 2012\Projects\GPU_sem_raytracer\Release\GPU_sem_raytracer.exe" /NOLOGO /LIBPATH:pthreads\lib /LIBPATH:"C:\Program Files\NVIDIA GPU Computing Toolkit\CUDA\v7.5\lib\Win32" /LIBPATH:"C:\Program Files\NVIDIA GPU Computing Toolkit\CUDA\v7.5\lib\Win32" /LIBPATH:.\ glut32.lib pthreadVC2.lib cudart.lib kernel32.lib user32.lib gdi32.lib winspool.lib comdlg32.lib advapi32.lib shell32.lib ole32.lib oleaut32.lib uuid.lib odbc32.lib odbccp32.lib kernel32.lib user32.lib gdi32.lib winspool.lib comdlg32.lib advapi32.lib shell32.lib ole32.lib oleaut32.lib uuid.lib odbc32.lib odbccp32.lib /MANIFEST /MANIFESTUAC:"level='asInvoker' uiAccess='false'" /manifest:embed /DEBUG /PDB:"C:\Users\Petr\Documents\Visual Studio 2012\Projects\GPU_sem_raytracer\Release\GPU_sem_raytracer.pdb" /SUBSYSTEM:CONSOLE /OPT:REF /OPT:ICF /LTCG /TLBID:1 /DYNAMICBASE /NXCOMPAT /IMPLIB:"C:\Users\Petr\Documents\Visual Studio 2012\Projects\GPU_sem_raytracer\Release\GPU_sem_raytracer.lib" /MACHINE:X86 /SAFESEH Release\Source.cu.obj
         Release\Old.obj
         Generating code
         Finished generating code
         GPU_sem_raytracer.vcxproj -> C:\Users\Petr\Documents\Visual Studio 2012\Projects\GPU_sem_raytracer\Release\GPU_sem_raytracer.exe
       PostBuildEvent:
         echo copy "C:\Program Files\NVIDIA GPU Computing Toolkit\CUDA\v7.5\bin\cudart*.dll" "C:\Users\Petr\Documents\Visual Studio 2012\Projects\GPU_sem_raytracer\Release\"
         copy "C:\Program Files\NVIDIA GPU Computing Toolkit\CUDA\v7.5\bin\cudart*.dll" "C:\Users\Petr\Documents\Visual Studio 2012\Projects\GPU_sem_raytracer\Release\"
         :VCEnd
         copy "C:\Program Files\NVIDIA GPU Computing Toolkit\CUDA\v7.5\bin\cudart*.dll" "C:\Users\Petr\Documents\Visual Studio 2012\Projects\GPU_sem_raytracer\Release\"
         C:\Program Files\NVIDIA GPU Computing Toolkit\CUDA\v7.5\bin\cudart32_75.dll
         C:\Program Files\NVIDIA GPU Computing Toolkit\CUDA\v7.5\bin\cudart64_75.dll
         Zkopírované soubory:         2
     1>Done Building Project "C:\Users\Petr\Documents\Visual Studio 2012\Projects\GPU_sem_raytracer\GPU_sem_raytracer.vcxproj" (Build target(s)).

Build succeeded.

Time Elapsed 00:01:00.53
